<?xml version="1.0" encoding="UTF-8" ?>
<testsuite tests="13" failures="0" name="com.mycompany.tennis.GameTest" time="0.047" errors="0" skipped="0">
  <properties>
[...]
</properties>
  <testcase classname="com.mycompany.tennis.GameTest" name="testJoueurDeuxGagneDeuxiemeBalles" time="0.016"/>
  <testcase classname="com.mycompany.tennis.GameTest" name="testNouveauJeuRetourZeroPartout" time="0"/>
  <testcase classname="com.mycompany.tennis.GameTest" name="testJoueurUnGagnePremiereBalle" time="0"/>
  <testcase classname="com.mycompany.tennis.GameTest" name="testJoueurDeuxGagneJeu" time="0"/>
  <testcase classname="com.mycompany.tennis.GameTest" name="testJoueurUnGagneJeu" time="0"/>
  <testcase classname="com.mycompany.tennis.GameTest" name="testJoueurDeuxAvantage" time="0"/>
  <testcase classname="com.mycompany.tennis.GameTest" name="testJoueursEgalite" time="0"/>
  <testcase classname="com.mycompany.tennis.GameTest" name="testJoueurUnGagneApresAvantage" time="0"/>
  <testcase classname="com.mycompany.tennis.GameTest" name="testQuinzePartout" time="0"/>
  <testcase classname="com.mycompany.tennis.GameTest" name="testJoueurUnAvantage" time="0"/>
  <testcase classname="com.mycompany.tennis.GameTest" name="testJoueurUnGagneTroisiemeBalle" time="0"/>
  <testcase classname="com.mycompany.tennis.GameTest" name="testJoueursEgaliteQuatre" time="0"/>
  <testcase classname="com.mycompany.tennis.GameTest" name="testJoueurDeuxGagneApresAvantage" time="0"/>
</testsuite>